==1349983== Memcheck, a memory error detector
==1349983== Copyright (C) 2002-2024, and GNU GPL'd, by Julian Seward et al.
==1349983== Using Valgrind-3.23.0 and LibVEX; rerun with -h for copyright info
==1349983== Command: ./main files/bsort.b
==1349983== Parent PID: 1325668
==1349983== 
==1349983== Invalid write of size 1
==1349983==    at 0x48E3CA0: __vfscanf_internal (vfscanf-internal.c:885)
==1349983==    by 0x48D5985: __isoc99_scanf (isoc99_scanf.c:30)
==1349983==    by 0x1099AB: main (main.c:282)
==1349983==  Address 0x4a737b2 is 1 bytes after a block of size 1 alloc'd
==1349983==    at 0x484BC13: calloc (vg_replace_malloc.c:1675)
==1349983==    by 0x109821: main (main.c:229)
==1349983== 
==1349983== Invalid read of size 1
==1349983==    at 0x1099B5: main (main.c:285)
==1349983==  Address 0x4a737b2 is 1 bytes after a block of size 1 alloc'd
==1349983==    at 0x484BC13: calloc (vg_replace_malloc.c:1675)
==1349983==    by 0x109821: main (main.c:229)
==1349983== 
==1349983== Invalid read of size 1
==1349983==    at 0x109A1A: main (main.c:300)
==1349983==  Address 0x4a737b4 is 3 bytes after a block of size 1 alloc'd
==1349983==    at 0x484BC13: calloc (vg_replace_malloc.c:1675)
==1349983==    by 0x109821: main (main.c:229)
==1349983== 
==1349983== 
==1349983== HEAP SUMMARY:
==1349983==     in use at exit: 0 bytes in 0 blocks
==1349983==   total heap usage: 29 allocs, 29 frees, 9,771 bytes allocated
==1349983== 
==1349983== All heap blocks were freed -- no leaks are possible
==1349983== 
==1349983== For lists of detected and suppressed errors, rerun with: -s
==1349983== ERROR SUMMARY: 13 errors from 3 contexts (suppressed: 0 from 0)
